TN:
SF:controllers\newsController.js
FN:11,(anonymous_0)
FNF:1
FNH:1
FNDA:29,(anonymous_0)
DA:3,4
DA:4,4
DA:5,4
DA:11,4
DA:12,29
DA:14,29
DA:17,21
DA:20,15
DA:23,15
DA:29,14
DA:33,4
LF:11
LH:11
BRF:0
BRH:0
end_of_record
TN:
SF:controllers\weatherController.js
FN:11,(anonymous_0)
FNF:1
FNH:1
FNDA:22,(anonymous_0)
DA:3,4
DA:4,4
DA:5,4
DA:11,4
DA:12,22
DA:14,22
DA:17,16
DA:20,10
DA:23,10
DA:29,12
DA:33,4
LF:11
LH:11
BRF:0
BRH:0
end_of_record
TN:
SF:middleware\errorHandler.js
FN:7,(anonymous_0)
FN:19,(anonymous_1)
FN:59,(anonymous_2)
FNF:3
FNH:3
FNDA:64,(anonymous_0)
FNDA:27,(anonymous_1)
FNDA:1,(anonymous_2)
DA:8,64
DA:9,64
DA:10,64
DA:11,64
DA:19,6
DA:20,27
DA:21,27
DA:24,27
DA:26,0
DA:27,0
DA:31,27
DA:33,4
DA:34,4
DA:36,23
DA:37,0
DA:38,0
DA:42,27
DA:43,0
DA:44,0
DA:45,0
DA:49,27
DA:59,6
DA:60,1
DA:63,6
LF:24
LH:17
BRDA:20,0,0,27
BRDA:20,0,1,4
BRDA:21,1,0,27
BRDA:21,1,1,0
BRDA:24,2,0,0
BRDA:24,2,1,27
BRDA:26,3,0,0
BRDA:26,3,1,0
BRDA:28,4,0,0
BRDA:28,4,1,0
BRDA:31,5,0,4
BRDA:31,5,1,23
BRDA:36,6,0,0
BRDA:36,6,1,23
BRDA:36,7,0,23
BRDA:36,7,1,23
BRDA:42,8,0,0
BRDA:42,8,1,27
BRDA:44,9,0,0
BRDA:44,9,1,0
BRDA:44,10,0,0
BRDA:44,10,1,0
BRDA:52,11,0,27
BRDA:52,11,1,0
BRF:24
BRH:11
end_of_record
TN:
SF:middleware\requestLogger.js
FN:3,(anonymous_0)
FNF:1
FNH:1
FNDA:54,(anonymous_0)
DA:3,4
DA:4,54
DA:5,0
DA:6,0
DA:8,54
DA:11,4
LF:6
LH:4
BRDA:4,0,0,0
BRDA:4,0,1,54
BRF:2
BRH:1
end_of_record
TN:
SF:services\newsService.js
FN:13,(anonymous_0)
FNF:1
FNH:1
FNDA:21,(anonymous_0)
DA:3,4
DA:4,4
DA:5,4
DA:13,4
DA:14,21
DA:15,0
DA:21,21
DA:22,21
DA:32,17
DA:33,2
DA:34,2
DA:35,2
DA:40,0
DA:46,15
DA:49,6
DA:50,2
DA:53,4
DA:54,0
DA:60,4
DA:61,2
DA:67,2
DA:71,4
LF:22
LH:19
BRDA:14,0,0,0
BRDA:14,0,1,21
BRDA:32,1,0,2
BRDA:32,1,1,15
BRDA:34,2,0,2
BRDA:34,2,1,0
BRDA:34,3,0,2
BRDA:34,3,1,0
BRDA:41,4,0,0
BRDA:41,4,1,0
BRDA:49,5,0,2
BRDA:49,5,1,4
BRDA:53,6,0,0
BRDA:53,6,1,4
BRDA:53,7,0,4
BRDA:53,7,1,2
BRDA:60,8,0,2
BRDA:60,8,1,2
BRDA:60,9,0,4
BRDA:60,9,1,2
BRF:20
BRH:14
end_of_record
TN:
SF:services\weatherService.js
FN:13,(anonymous_0)
FNF:1
FNH:1
FNDA:16,(anonymous_0)
DA:3,4
DA:4,4
DA:5,4
DA:13,4
DA:14,16
DA:15,0
DA:21,16
DA:22,16
DA:31,10
DA:34,6
DA:35,2
DA:42,4
DA:43,2
DA:50,2
DA:54,4
LF:15
LH:14
BRDA:14,0,0,0
BRDA:14,0,1,16
BRDA:34,1,0,2
BRDA:34,1,1,4
BRDA:34,2,0,6
BRDA:34,2,1,4
BRDA:42,3,0,2
BRDA:42,3,1,2
BRDA:42,4,0,4
BRDA:42,4,1,2
BRF:10
BRH:9
end_of_record
TN:
SF:utils\newsFormatter.js
FN:8,(anonymous_0)
FN:28,(anonymous_1)
FN:39,(anonymous_2)
FNF:3
FNH:3
FNDA:53,(anonymous_0)
FNDA:25,(anonymous_1)
FNDA:53,(anonymous_2)
DA:8,5
DA:9,53
DA:28,5
DA:29,25
DA:30,1
DA:33,24
DA:34,2
DA:38,22
DA:39,53
DA:42,22
DA:50,5
LF:11
LH:11
BRDA:10,0,0,53
BRDA:10,0,1,0
BRDA:11,1,0,53
BRDA:11,1,1,9
BRDA:12,2,0,52
BRDA:12,2,1,1
BRDA:13,3,0,53
BRDA:13,3,1,9
BRDA:14,4,0,53
BRDA:14,4,1,0
BRDA:15,5,0,53
BRDA:15,5,1,0
BRDA:18,6,0,53
BRDA:18,6,1,23
BRDA:29,7,0,1
BRDA:29,7,1,24
BRDA:29,8,0,25
BRDA:29,8,1,24
BRDA:33,9,0,2
BRDA:33,9,1,22
BRDA:39,10,0,53
BRDA:39,10,1,53
BRDA:44,11,0,22
BRDA:44,11,1,2
BRF:24
BRH:21
end_of_record
TN:
SF:utils\newsValidator.js
FN:12,(anonymous_0)
FNF:1
FNH:1
FNDA:69,(anonymous_0)
DA:3,5
DA:4,5
DA:12,5
DA:13,69
DA:14,10
DA:20,59
DA:22,59
DA:23,2
DA:26,57
DA:27,10
DA:33,47
DA:34,7
DA:41,40
DA:44,5
LF:14
LH:14
BRDA:13,0,0,10
BRDA:13,0,1,59
BRDA:13,1,0,69
BRDA:13,1,1,59
BRDA:22,2,0,2
BRDA:22,2,1,57
BRDA:26,3,0,10
BRDA:26,3,1,47
BRDA:33,4,0,7
BRDA:33,4,1,40
BRF:10
BRH:10
end_of_record
TN:
SF:utils\weatherFormatter.js
FN:8,(anonymous_0)
FNF:1
FNH:1
FNDA:29,(anonymous_0)
DA:8,5
DA:9,29
DA:10,3
DA:13,26
DA:14,26
DA:15,99
DA:16,2
DA:20,24
DA:21,1
DA:24,23
DA:49,5
LF:11
LH:11
BRDA:9,0,0,3
BRDA:9,0,1,26
BRDA:9,1,0,29
BRDA:9,1,1,27
BRDA:15,2,0,2
BRDA:15,2,1,97
BRDA:20,3,0,1
BRDA:20,3,1,23
BRDA:20,4,0,24
BRDA:20,4,1,24
BRDA:41,5,0,22
BRDA:41,5,1,1
BRDA:44,6,0,22
BRDA:44,6,1,1
BRF:14
BRH:14
end_of_record
TN:
SF:utils\weatherValidator.js
FN:10,(anonymous_0)
FNF:1
FNH:1
FNDA:51,(anonymous_0)
DA:3,5
DA:10,5
DA:11,51
DA:12,11
DA:15,40
DA:17,40
DA:18,2
DA:21,38
DA:22,3
DA:25,35
DA:26,2
DA:30,33
DA:31,33
DA:32,8
DA:38,25
DA:41,5
LF:16
LH:16
BRDA:11,0,0,11
BRDA:11,0,1,40
BRDA:11,1,0,51
BRDA:11,1,1,41
BRDA:17,2,0,2
BRDA:17,2,1,38
BRDA:21,3,0,3
BRDA:21,3,1,35
BRDA:25,4,0,2
BRDA:25,4,1,33
BRDA:31,5,0,8
BRDA:31,5,1,25
BRF:12
BRH:12
end_of_record
